Arguments: 
  C:\Program Files\nodejs\node.exe C:\Users\murah\AppData\Roaming\npm\node_modules\yarn\bin\yarn.js install

PATH: 
  C:\Python311\Scripts\;C:\Python311\;C:\Program Files\NVIDIA GPU Computing Toolkit\CUDA\v11.7\bin;C:\Program Files\NVIDIA GPU Computing Toolkit\CUDA\v11.7\libnvvp;C:\Program Files\Microsoft\jdk-11.0.12.7-hotspot\bin;C:\Program Files (x86)\Common Files\Intel\Shared Libraries\redist\intel64_win\compiler;C:\Program Files\Common Files\Oracle\Java\javapath;C:\Program Files (x86)\Common Files\Oracle\Java\javapath;C:\windows\system32;C:\windows;C:\windows\System32\Wbem;C:\windows\System32\WindowsPowerShell\v1.0\;C:\windows\System32\OpenSSH\;C:\Program Files (x86)\NVIDIA Corporation\PhysX\Common;C:\Program Files\dotnet\;C:\Program Files\GitHub CLI\;C:\Program Files\Git\cmd;C:\Program Files\Microsoft VS Code\bin;C:\Program Files\Microsoft SQL Server\150\Tools\Binn\;C:\Program Files\Microsoft SQL Server\Client SDK\ODBC\170\Tools\Binn\;C:\Program Files\NVIDIA Corporation\Nsight Compute 2022.2.1\;C:\Program Files\NVIDIA Corporation\NVIDIA NvDLISR;C:\Program Files\nodejs\;C:\ProgramData\chocolatey\bin;C:\Program Files (x86)\IncrediBuild;C:\WINDOWS\system32;C:\WINDOWS;C:\WINDOWS\System32\Wbem;C:\WINDOWS\System32\WindowsPowerShell\v1.0\;C:\WINDOWS\System32\OpenSSH\;C:\Program Files\MySQL\MySQL Shell 8.0\bin\;C:\Users\murah\AppData\Local\pnpm;C:\Users\murah\anaconda3;C:\Users\murah\anaconda3\Library\mingw-w64\bin;C:\Users\murah\anaconda3\Library\usr\bin;C:\Users\murah\anaconda3\Library\bin;C:\Users\murah\anaconda3\Scripts;C:\Users\murah\AppData\Local\Microsoft\WindowsApps;C:\Users\murah\AppData\Local\Programs\Microsoft VS Code\bin;C:\spark\bin;c:\jdk\\bin;C:\ProgramData\murah\GitHubDesktop\bin;C:\Users\murah\AppData\Local\GitHubDesktop\bin;C:\Users\murah\.dotnet\tools;C:\Users\murah\AppData\Roaming\npm;C:\Users\murah\AppData\Local\gitkraken\bin;%USERPROFILE%\AppData\Local\Microsoft\WindowsApps;;C:\Users\murah\AppData\Local\Coursier\data\bin

Yarn version: 
  1.22.19

Node version: 
  16.17.0

Platform: 
  win32 x64

Trace: 
  Error: EEXIST: file already exists, mkdir 'D:\My JS Projects\cciu-2023\node_modules\@typescript-eslint\typescript-estree\node_modules'

npm manifest: 
  {
    "name": "cciu-2023",
    "version": "0.1.0",
    "private": true,
    "scripts": {
      "dev": "next dev",
      "serve": "node arduinoServer",
      "build": "next build",
      "prepare env": "corepack enable && corepack prepare pnpm@latest",
      "start": "next start -H 10.0.0.41 && node arduinoServer",
      "lint": "next lint && eslint ."
    },
    "dependencies": {
      "@next/font": "13.1.5",
      "@serialport/parser-readline": "^10.5.0",
      "@tailwindcss/typography": "^0.5.9",
      "body-parser": "^1.20.1",
      "chart.js": "2.9.4",
      "daisyui": "^2.49.0",
      "eslint": "8.32.0",
      "eslint-config-next": "13.1.5",
      "express": "4",
      "johnny-five": "^2.1.0",
      "mysql": "^2.18.1",
      "mysql2": "^3.2.0",
      "next": "^13.3.2",
      "node-fetch": "2",
      "react": "18.2.0",
      "react-dom": "18.2.0",
      "serialport": "^10.5.0",
      "socket.io": "^4.6.1",
      "turbo": "^1.7.0",
      "typescript": "^5.0.4"
    },
    "devDependencies": {
      "autoprefixer": "^10.4.13",
      "postcss": "^8.4.21",
      "tailwindcss": "^3.2.4"
    }
  }

yarn manifest: 
  No manifest

Lockfile: 
  No lockfile
